\BOOKMARK [1][-]{section*.4}{\376\377\000I\000n\000t\000r\000o\000d\000u\000c\000c\000i\000\363\000n}{}% 1
\BOOKMARK [1][-]{section*.5}{\376\377\000M\000a\000r\000c\000o\000\040\000t\000e\000\363\000r\000i\000c\000o\000\040\000y\000\040\000t\000r\000a\000b\000a\000j\000o\000s\000\040\000r\000e\000l\000a\000c\000i\000o\000n\000a\000d\000o\000s}{}% 2
\BOOKMARK [2][-]{section*.6}{\376\377\000L\000a\000\040\000r\000e\000a\000l\000i\000d\000a\000d\000\040\000d\000e\000\040\000l\000o\000s\000\040\000s\000i\000s\000t\000e\000m\000a\000s\000\040\000d\000e\000\040\000a\000g\000e\000n\000d\000a\000m\000i\000e\000n\000t\000o\000\040\000e\000n\000\040\000e\000l\000\040\000s\000e\000c\000t\000o\000r\000\040\000p\000\372\000b\000l\000i\000c\000o}{section*.5}% 3
\BOOKMARK [2][-]{section*.7}{\376\377\000A\000r\000q\000u\000i\000t\000e\000c\000t\000u\000r\000a\000s\000\040\000d\000e\000\040\000s\000o\000f\000t\000w\000a\000r\000e\000:\000\040\000m\000\341\000s\000\040\000q\000u\000e\000\040\000t\000e\000o\000r\000\355\000a\000\040\000a\000c\000a\000d\000\351\000m\000i\000c\000a}{section*.5}% 4
\BOOKMARK [2][-]{section*.8}{\376\377\000E\000l\000\040\000e\000c\000o\000s\000i\000s\000t\000e\000m\000a\000\040\000.\000N\000E\000T\000\040\000y\000\040\000s\000u\000s\000\040\000p\000a\000r\000t\000i\000c\000u\000l\000a\000r\000i\000d\000a\000d\000e\000s}{section*.5}% 5
\BOOKMARK [2][-]{section*.9}{\376\377\000A\000p\000l\000i\000c\000a\000c\000i\000o\000n\000e\000s\000\040\000m\000\363\000v\000i\000l\000e\000s\000:\000\040\000p\000r\000o\000m\000e\000s\000a\000s\000\040\000y\000\040\000r\000e\000a\000l\000i\000d\000a\000d\000e\000s}{section*.5}% 6
\BOOKMARK [2][-]{section*.10}{\376\377\000C\000o\000m\000u\000n\000i\000c\000a\000c\000i\000\363\000n\000\040\000e\000n\000\040\000t\000i\000e\000m\000p\000o\000\040\000r\000e\000a\000l\000:\000\040\000m\000\341\000s\000\040\000a\000l\000l\000\341\000\040\000d\000e\000l\000\040\000s\000i\000m\000p\000l\000e\000\040\000p\000o\000l\000l\000i\000n\000g}{section*.5}% 7
\BOOKMARK [2][-]{section*.11}{\376\377\000T\000e\000c\000n\000o\000l\000o\000g\000\355\000a\000s\000\040\000w\000e\000b\000\040\000m\000o\000d\000e\000r\000n\000a\000s\000:\000\040\000N\000e\000x\000t\000.\000j\000s\000\040\000e\000n\000\040\000e\000l\000\040\000e\000c\000o\000s\000i\000s\000t\000e\000m\000a}{section*.5}% 8
\BOOKMARK [2][-]{section*.12}{\376\377\000S\000e\000g\000u\000r\000i\000d\000a\000d\000\040\000y\000\040\000a\000u\000t\000e\000n\000t\000i\000c\000a\000c\000i\000\363\000n\000:\000\040\000e\000l\000\040\000e\000l\000e\000f\000a\000n\000t\000e\000\040\000e\000n\000\040\000l\000a\000\040\000h\000a\000b\000i\000t\000a\000c\000i\000\363\000n}{section*.5}% 9
\BOOKMARK [2][-]{section*.13}{\376\377\000M\000e\000t\000o\000d\000o\000l\000o\000g\000\355\000a\000s\000\040\000d\000e\000\040\000d\000e\000s\000a\000r\000r\000o\000l\000l\000o\000:\000\040\000A\000g\000i\000l\000e\000\040\000e\000n\000\040\000e\000d\000u\000c\000a\000c\000i\000\363\000n}{section*.5}% 10
\BOOKMARK [2][-]{section*.14}{\376\377\000V\000a\000c\000\355\000o\000s\000\040\000e\000n\000\040\000l\000a\000\040\000l\000i\000t\000e\000r\000a\000t\000u\000r\000a\000\040\000y\000\040\000c\000o\000n\000t\000r\000i\000b\000u\000c\000i\000\363\000n\000\040\000d\000e\000\040\000e\000s\000t\000e\000\040\000t\000r\000a\000b\000a\000j\000o}{section*.5}% 11
\BOOKMARK [1][-]{section*.15}{\376\377\000M\000e\000t\000o\000d\000o\000l\000o\000g\000\355\000a\000\040\000d\000e\000\040\000d\000e\000s\000a\000r\000r\000o\000l\000l\000o}{}% 12
\BOOKMARK [2][-]{section*.16}{\376\377\000F\000a\000s\000e\000\040\0001\000:\000\040\000A\000n\000\341\000l\000i\000s\000i\000s\000\040\000y\000\040\000D\000i\000s\000e\000\361\000o\000\040\000d\000e\000l\000\040\000S\000i\000s\000t\000e\000m\000a}{section*.15}% 13
\BOOKMARK [2][-]{section*.17}{\376\377\000F\000a\000s\000e\000\040\0002\000:\000\040\000I\000m\000p\000l\000e\000m\000e\000n\000t\000a\000c\000i\000\363\000n\000\040\000d\000e\000l\000\040\000S\000i\000s\000t\000e\000m\000a}{section*.15}% 14
\BOOKMARK [2][-]{section*.18}{\376\377\000F\000a\000s\000e\000\040\0003\000:\000\040\000P\000r\000u\000e\000b\000a\000s\000\040\000y\000\040\000V\000a\000l\000i\000d\000a\000c\000i\000\363\000n}{section*.15}% 15
\BOOKMARK [1][-]{section*.19}{\376\377\000I\000m\000p\000l\000e\000m\000e\000n\000t\000a\000c\000i\000\363\000n\000\040\000d\000e\000l\000\040\000s\000o\000f\000t\000w\000a\000r\000e}{}% 16
\BOOKMARK [2][-]{section*.20}{\376\377\000S\000t\000a\000c\000k\000\040\000t\000e\000c\000n\000o\000l\000\363\000g\000i\000c\000o}{section*.19}% 17
\BOOKMARK [3][-]{section*.21}{\376\377\000B\000a\000c\000k\000e\000n\000d}{section*.20}% 18
\BOOKMARK [3][-]{section*.22}{\376\377\000F\000r\000o\000n\000t\000e\000n\000d\000\040\000W\000e\000b}{section*.20}% 19
\BOOKMARK [3][-]{section*.23}{\376\377\000F\000r\000o\000n\000t\000e\000n\000d\000\040\000M\000o\000b\000i\000l\000e}{section*.20}% 20
\BOOKMARK [3][-]{section*.24}{\376\377\000B\000a\000s\000e\000\040\000d\000e\000\040\000d\000a\000t\000o\000s}{section*.20}% 21
\BOOKMARK [3][-]{section*.25}{\376\377\000H\000e\000r\000r\000a\000m\000i\000e\000n\000t\000a\000s\000\040\000d\000e\000\040\000d\000i\000s\000e\000\361\000o}{section*.20}% 22
\BOOKMARK [2][-]{section*.26}{\376\377\000D\000e\000t\000a\000l\000l\000e\000s\000\040\000d\000e\000\040\000i\000m\000p\000l\000e\000m\000e\000n\000t\000a\000c\000i\000\363\000n\000\040\000t\000\351\000c\000n\000i\000c\000a}{section*.19}% 23
\BOOKMARK [3][-]{section*.27}{\376\377\000L\000a\000\040\000b\000a\000t\000a\000l\000l\000a\000\040\000c\000o\000n\000\040\000l\000a\000\040\000a\000r\000q\000u\000i\000t\000e\000c\000t\000u\000r\000a\000\040\000d\000e\000l\000\040\000b\000a\000c\000k\000e\000n\000d}{section*.26}% 24
\BOOKMARK [3][-]{section*.28}{\376\377\000C\000o\000n\000t\000r\000o\000l\000l\000e\000r\000s\000\040\000R\000E\000S\000T\000:\000\040\000E\000n\000t\000r\000e\000\040\000l\000a\000\040\000t\000e\000o\000r\000\355\000a\000\040\000y\000\040\000l\000a\000\040\000p\000r\000\341\000c\000t\000i\000c\000a}{section*.26}% 25
\BOOKMARK [3][-]{section*.29}{\376\377\000E\000n\000t\000i\000t\000y\000\040\000F\000r\000a\000m\000e\000w\000o\000r\000k\000\040\000c\000o\000n\000\040\000O\000r\000a\000c\000l\000e\000:\000\040\000U\000n\000\040\000m\000a\000t\000r\000i\000m\000o\000n\000i\000o\000\040\000c\000o\000m\000p\000l\000i\000c\000a\000d\000o}{section*.26}% 26
\BOOKMARK [3][-]{section*.30}{\376\377\000E\000l\000\040\000s\000i\000s\000t\000e\000m\000a\000\040\000d\000e\000\040\000a\000u\000t\000e\000n\000t\000i\000c\000a\000c\000i\000\363\000n\000\040\000q\000u\000e\000\040\000c\000a\000s\000i\000\040\000n\000o\000\040\000f\000u\000n\000c\000i\000o\000n\000a}{section*.26}% 27
\BOOKMARK [3][-]{section*.31}{\376\377\000N\000e\000x\000t\000.\000j\000s\000\040\0001\0005\000:\000\040\000S\000e\000r\000v\000e\000r\000\040\000C\000o\000m\000p\000o\000n\000e\000n\000t\000s\000\040\000y\000\040\000e\000l\000\040\000n\000u\000e\000v\000o\000\040\000p\000a\000r\000a\000d\000i\000g\000m\000a}{section*.26}% 28
\BOOKMARK [3][-]{section*.32}{\376\377\000S\000i\000g\000n\000a\000l\000R\000:\000\040\000T\000i\000e\000m\000p\000o\000\040\000r\000e\000a\000l\000\040\000q\000u\000e\000\040\000n\000o\000\040\000e\000r\000a\000\040\000t\000a\000n\000\040\000e\000n\000\040\000t\000i\000e\000m\000p\000o\000\040\000r\000e\000a\000l}{section*.26}% 29
\BOOKMARK [3][-]{section*.33}{\376\377\000M\000A\000U\000I\000:\000\040\000D\000e\000s\000a\000r\000r\000o\000l\000l\000o\000\040\000m\000\363\000v\000i\000l\000\040\000m\000u\000l\000t\000i\000p\000l\000a\000t\000a\000f\000o\000r\000m\000a\000\040\000q\000u\000e\000\040\000n\000o\000\040\000f\000u\000e\000\040\000t\000a\000n\000\040\000m\000u\000l\000t\000i\000p\000l\000a\000t\000a\000f\000o\000r\000m\000a}{section*.26}% 30
\BOOKMARK [3][-]{section*.34}{\376\377\000O\000p\000t\000i\000m\000i\000z\000a\000c\000i\000\363\000n\000\040\000d\000e\000\040\000O\000r\000a\000c\000l\000e\000:\000\040\000D\000e\000\040\000c\000o\000n\000s\000u\000l\000t\000a\000s\000\040\000l\000e\000n\000t\000a\000s\000\040\000a\000\040\000a\000c\000e\000p\000t\000a\000b\000l\000e\000s}{section*.26}% 31
\BOOKMARK [3][-]{section*.35}{\376\377\000P\000a\000t\000r\000o\000n\000e\000s\000\040\000d\000e\000\040\000d\000i\000s\000e\000\361\000o\000:\000\040\000T\000e\000o\000r\000\355\000a\000\040\000v\000s\000\040\000p\000r\000\341\000c\000t\000i\000c\000a}{section*.26}% 32
\BOOKMARK [2][-]{section*.36}{\376\377\000R\000e\000f\000l\000e\000x\000i\000o\000n\000e\000s\000\040\000s\000o\000b\000r\000e\000\040\000e\000l\000\040\000p\000r\000o\000c\000e\000s\000o}{section*.19}% 33
\BOOKMARK [1][-]{section*.37}{\376\377\000R\000e\000s\000u\000l\000t\000a\000d\000o\000s}{}% 34
\BOOKMARK [2][-]{section*.38}{\376\377\000F\000u\000n\000c\000i\000o\000n\000a\000l\000i\000d\000a\000d\000e\000s\000\040\000i\000m\000p\000l\000e\000m\000e\000n\000t\000a\000d\000a\000s\000\040\000y\000\040\000v\000a\000l\000i\000d\000a\000c\000i\000\363\000n\000\040\000c\000o\000n\000\040\000u\000s\000u\000a\000r\000i\000o\000s}{section*.37}% 35
\BOOKMARK [2][-]{section*.39}{\376\377\000A\000n\000\341\000l\000i\000s\000i\000s\000\040\000d\000e\000t\000a\000l\000l\000a\000d\000o\000\040\000d\000e\000\040\000r\000e\000n\000d\000i\000m\000i\000e\000n\000t\000o\000\040\000y\000\040\000e\000s\000c\000a\000l\000a\000b\000i\000l\000i\000d\000a\000d}{section*.37}% 36
\BOOKMARK [2][-]{section*.40}{\376\377\000C\000a\000l\000i\000d\000a\000d\000,\000\040\000m\000a\000n\000t\000e\000n\000i\000b\000i\000l\000i\000d\000a\000d\000\040\000y\000\040\000p\000r\000\341\000c\000t\000i\000c\000a\000s\000\040\000d\000e\000\040\000i\000n\000g\000e\000n\000i\000e\000r\000\355\000a}{section*.37}% 37
\BOOKMARK [2][-]{section*.41}{\376\377\000V\000a\000l\000i\000d\000a\000c\000i\000\363\000n\000\040\000c\000o\000n\000\040\000u\000s\000u\000a\000r\000i\000o\000s\000\040\000y\000\040\000c\000u\000m\000p\000l\000i\000m\000i\000e\000n\000t\000o\000\040\000d\000e\000\040\000r\000e\000q\000u\000e\000r\000i\000m\000i\000e\000n\000t\000o\000s}{section*.37}% 38
\BOOKMARK [2][-]{section*.42}{\376\377\000S\000\355\000n\000t\000e\000s\000i\000s\000\040\000d\000e\000\040\000r\000e\000s\000u\000l\000t\000a\000d\000o\000s}{section*.37}% 39
\BOOKMARK [1][-]{section*.43}{\376\377\000D\000i\000s\000c\000u\000s\000i\000\363\000n}{}% 40
\BOOKMARK [2][-]{section*.44}{\376\377\000D\000e\000c\000i\000s\000i\000o\000n\000e\000s\000\040\000a\000r\000q\000u\000i\000t\000e\000c\000t\000\363\000n\000i\000c\000a\000s\000\040\000y\000\040\000s\000u\000s\000\040\000c\000o\000n\000s\000e\000c\000u\000e\000n\000c\000i\000a\000s\000\040\000r\000e\000a\000l\000e\000s}{section*.43}% 41
\BOOKMARK [2][-]{section*.45}{\376\377\000E\000l\000\040\000s\000t\000a\000c\000k\000\040\000t\000e\000c\000n\000o\000l\000\363\000g\000i\000c\000o\000:\000\040\000b\000e\000n\000e\000f\000i\000c\000i\000o\000s\000\040\000r\000e\000a\000l\000e\000s\000\040\000y\000\040\000d\000o\000l\000o\000r\000e\000s\000\040\000i\000n\000e\000s\000p\000e\000r\000a\000d\000o\000s}{section*.43}% 42
\BOOKMARK [2][-]{section*.46}{\376\377\000D\000e\000s\000a\000f\000\355\000o\000s\000\040\000t\000\351\000c\000n\000i\000c\000o\000s\000\040\000e\000s\000p\000e\000c\000\355\000f\000i\000c\000o\000s\000\040\000y\000\040\000l\000o\000\040\000q\000u\000e\000\040\000n\000o\000s\000\040\000e\000n\000s\000e\000\361\000a\000r\000o\000n}{section*.43}% 43
\BOOKMARK [2][-]{section*.47}{\376\377\000L\000e\000c\000c\000i\000o\000n\000e\000s\000\040\000a\000p\000r\000e\000n\000d\000i\000d\000a\000s\000\040\000-\000\040\000m\000\341\000s\000\040\000a\000l\000l\000\341\000\040\000d\000e\000\040\000l\000o\000\040\000t\000\351\000c\000n\000i\000c\000o}{section*.43}% 44
\BOOKMARK [2][-]{section*.48}{\376\377\000A\000p\000l\000i\000c\000a\000b\000i\000l\000i\000d\000a\000d\000\040\000m\000\341\000s\000\040\000a\000l\000l\000\341\000\040\000d\000e\000\040\000e\000s\000t\000e\000\040\000p\000r\000o\000y\000e\000c\000t\000o\000\040\000e\000s\000p\000e\000c\000\355\000f\000i\000c\000o}{section*.43}% 45
\BOOKMARK [1][-]{section*.49}{\376\377\000C\000o\000n\000c\000l\000u\000s\000i\000o\000n\000e\000s\000\040\000y\000\040\000t\000r\000a\000b\000a\000j\000o\000\040\000f\000u\000t\000u\000r\000o}{}% 46
\BOOKMARK [2][-]{section*.50}{\376\377\000C\000o\000n\000t\000r\000i\000b\000u\000c\000i\000o\000n\000e\000s\000\040\000p\000r\000i\000n\000c\000i\000p\000a\000l\000e\000s}{section*.49}% 47
\BOOKMARK [2][-]{section*.51}{\376\377\000C\000u\000m\000p\000l\000i\000m\000i\000e\000n\000t\000o\000\040\000d\000e\000\040\000o\000b\000j\000e\000t\000i\000v\000o\000s\000\040\000y\000\040\000r\000e\000f\000l\000e\000x\000i\000o\000n\000e\000s\000\040\000s\000o\000b\000r\000e\000\040\000r\000e\000s\000u\000l\000t\000a\000d\000o\000s}{section*.49}% 48
\BOOKMARK [2][-]{section*.52}{\376\377\000L\000i\000m\000i\000t\000a\000c\000i\000o\000n\000e\000s\000,\000\040\000d\000e\000s\000a\000f\000\355\000o\000s\000\040\000e\000n\000c\000o\000n\000t\000r\000a\000d\000o\000s\000,\000\040\000y\000\040\000a\000p\000r\000e\000n\000d\000i\000z\000a\000j\000e\000s}{section*.49}% 49
\BOOKMARK [2][-]{section*.53}{\376\377\000T\000r\000a\000b\000a\000j\000o\000\040\000f\000u\000t\000u\000r\000o\000:\000\040\000v\000i\000s\000i\000\363\000n\000\040\000d\000e\000\040\000e\000v\000o\000l\000u\000c\000i\000\363\000n\000\040\000y\000\040\000e\000x\000p\000a\000n\000s\000i\000\363\000n}{section*.49}% 50
\BOOKMARK [3][-]{section*.54}{\376\377\000C\000o\000r\000t\000o\000\040\000p\000l\000a\000z\000o\000\040\000\050\0003\000-\0006\000\040\000m\000e\000s\000e\000s\000\051}{section*.53}% 51
\BOOKMARK [3][-]{section*.55}{\376\377\000M\000e\000d\000i\000a\000n\000o\000\040\000p\000l\000a\000z\000o\000\040\000\050\0006\000-\0001\0002\000\040\000m\000e\000s\000e\000s\000\051}{section*.53}% 52
\BOOKMARK [3][-]{section*.56}{\376\377\000L\000a\000r\000g\000o\000\040\000p\000l\000a\000z\000o\000\040\000\050\0001\0002\000+\000\040\000m\000e\000s\000e\000s\000\051}{section*.53}% 53
\BOOKMARK [2][-]{section*.57}{\376\377\000R\000e\000f\000l\000e\000x\000i\000o\000n\000e\000s\000\040\000f\000i\000n\000a\000l\000e\000s\000:\000\040\000i\000m\000p\000a\000c\000t\000o\000,\000\040\000a\000p\000r\000e\000n\000d\000i\000z\000a\000j\000e\000s\000,\000\040\000y\000\040\000p\000e\000r\000s\000p\000e\000c\000t\000i\000v\000a}{section*.49}% 54
\BOOKMARK [2][-]{section*.60}{\376\377\000B\000a\000c\000k\000e\000n\000d}{section*.49}% 55
\BOOKMARK [2][-]{section*.61}{\376\377\000F\000r\000o\000n\000t\000e\000n\000d\000\040\000W\000e\000b}{section*.49}% 56
\BOOKMARK [2][-]{section*.62}{\376\377\000F\000r\000o\000n\000t\000e\000n\000d\000\040\000M\000o\000b\000i\000l\000e}{section*.49}% 57
\BOOKMARK [2][-]{section*.63}{\376\377\000B\000a\000s\000e\000\040\000d\000e\000\040\000d\000a\000t\000o\000s}{section*.49}% 58
